<?xml version="1.0" encoding="UTF-8"?>
<!-- Generated by org.testng.reporters.JUnitReportReporter -->
<testsuite hostname="DESKTOP-3MREL07" failures="0" tests="1" name="SeleniumTestSuit.NewSeleniumTest.titleValidationTest" time="0.013" errors="0" timestamp="15 Jul 2023 02:40:42 GMT" skipped="0">
  <testcase classname="SeleniumTestSuit.NewSeleniumTest.titleValidationTest" name="helloDear" time="0.013"/>
</testsuite> <!-- SeleniumTestSuit.NewSeleniumTest.titleValidationTest -->
